<?xml version="1.0" encoding="UTF-8"?>
<testsuite name="com.sh.admin.web.domain.posts.PostsRepositoryTest" tests="2" skipped="0" failures="0" errors="0" timestamp="2021-06-14T01:28:54" hostname="DESKTOP-T4FPII9" time="0.014">
  <properties/>
  <testcase name="게시글저장_불러오기" classname="com.sh.admin.web.domain.posts.PostsRepositoryTest" time="0.01"/>
  <testcase name="BaseTimeEntity_등록" classname="com.sh.admin.web.domain.posts.PostsRepositoryTest" time="0.004"/>
  <system-out><![CDATA[2021-06-14 10:28:53.495  INFO 20404 --- [    Test worker] .b.t.c.SpringBootTestContextBootstrapper : Neither @ContextConfiguration nor @ContextHierarchy found for test class [com.sh.admin.web.domain.posts.PostsRepositoryTest], using SpringBootContextLoader
2021-06-14 10:28:53.496  INFO 20404 --- [    Test worker] o.s.t.c.support.AbstractContextLoader    : Could not detect default resource locations for test class [com.sh.admin.web.domain.posts.PostsRepositoryTest]: no resource found for suffixes {-context.xml, Context.groovy}.
2021-06-14 10:28:53.496  INFO 20404 --- [    Test worker] t.c.s.AnnotationConfigContextLoaderUtils : Could not detect default configuration classes for test class [com.sh.admin.web.domain.posts.PostsRepositoryTest]: PostsRepositoryTest does not declare any static, non-private, non-final, nested classes annotated with @Configuration.
2021-06-14 10:28:53.505  INFO 20404 --- [    Test worker] .b.t.c.SpringBootTestContextBootstrapper : Found @SpringBootConfiguration com.sh.admin.Application for test class com.sh.admin.web.domain.posts.PostsRepositoryTest
2021-06-14 10:28:53.507  INFO 20404 --- [    Test worker] .b.t.c.SpringBootTestContextBootstrapper : Loaded default TestExecutionListener class names from location [META-INF/spring.factories]: [org.springframework.boot.test.autoconfigure.restdocs.RestDocsTestExecutionListener, org.springframework.boot.test.autoconfigure.web.client.MockRestServiceServerResetTestExecutionListener, org.springframework.boot.test.autoconfigure.web.servlet.MockMvcPrintOnlyOnFailureTestExecutionListener, org.springframework.boot.test.autoconfigure.web.servlet.WebDriverTestExecutionListener, org.springframework.boot.test.mock.mockito.MockitoTestExecutionListener, org.springframework.boot.test.mock.mockito.ResetMocksTestExecutionListener, org.springframework.test.context.web.ServletTestExecutionListener, org.springframework.test.context.support.DirtiesContextBeforeModesTestExecutionListener, org.springframework.test.context.support.DependencyInjectionTestExecutionListener, org.springframework.test.context.support.DirtiesContextTestExecutionListener, org.springframework.test.context.transaction.TransactionalTestExecutionListener, org.springframework.test.context.jdbc.SqlScriptsTestExecutionListener]
2021-06-14 10:28:53.507  INFO 20404 --- [    Test worker] .b.t.c.SpringBootTestContextBootstrapper : Using TestExecutionListeners: [org.springframework.test.context.web.ServletTestExecutionListener@2593baea, org.springframework.test.context.support.DirtiesContextBeforeModesTestExecutionListener@2bf622e9, org.springframework.boot.test.mock.mockito.MockitoTestExecutionListener@790d6bba, org.springframework.boot.test.autoconfigure.SpringBootDependencyInjectionTestExecutionListener@665ddc6c, org.springframework.test.context.support.DirtiesContextTestExecutionListener@5ea16ea7, org.springframework.test.context.transaction.TransactionalTestExecutionListener@44daeef0, org.springframework.test.context.jdbc.SqlScriptsTestExecutionListener@56181d6a, org.springframework.boot.test.autoconfigure.restdocs.RestDocsTestExecutionListener@5eae1579, org.springframework.boot.test.autoconfigure.web.client.MockRestServiceServerResetTestExecutionListener@b2f9c5d, org.springframework.boot.test.autoconfigure.web.servlet.MockMvcPrintOnlyOnFailureTestExecutionListener@18915ea6, org.springframework.boot.test.autoconfigure.web.servlet.WebDriverTestExecutionListener@ef4e393, org.springframework.boot.test.mock.mockito.ResetMocksTestExecutionListener@20df2ae9]

  .   ____          _            __ _ _
 /\\ / ___'_ __ _ _(_)_ __  __ _ \ \ \ \
( ( )\___ | '_ | '_| | '_ \/ _` | \ \ \ \
 \\/  ___)| |_)| | | | | || (_| |  ) ) ) )
  '  |____| .__|_| |_|_| |_\__, | / / / /
 =========|_|==============|___/=/_/_/_/
 :: Spring Boot ::        (v2.1.7.RELEASE)

2021-06-14 10:28:53.531  INFO 20404 --- [    Test worker] c.s.a.w.d.posts.PostsRepositoryTest      : Starting PostsRepositoryTest on DESKTOP-T4FPII9 with PID 20404 (started by whxhd in C:\Users\whxhd\IdeaProjects\first)
2021-06-14 10:28:53.531  INFO 20404 --- [    Test worker] c.s.a.w.d.posts.PostsRepositoryTest      : The following profiles are active: oauth
2021-06-14 10:28:53.660  INFO 20404 --- [    Test worker] .s.d.r.c.RepositoryConfigurationDelegate : Bootstrapping Spring Data repositories in DEFAULT mode.
2021-06-14 10:28:53.676  INFO 20404 --- [    Test worker] .s.d.r.c.RepositoryConfigurationDelegate : Finished Spring Data repository scanning in 16ms. Found 2 repository interfaces.
2021-06-14 10:28:53.731  INFO 20404 --- [    Test worker] trationDelegate$BeanPostProcessorChecker : Bean 'org.springframework.transaction.annotation.ProxyTransactionManagementConfiguration' of type [org.springframework.transaction.annotation.ProxyTransactionManagementConfiguration$$EnhancerBySpringCGLIB$$e7f85fc9] is not eligible for getting processed by all BeanPostProcessors (for example: not eligible for auto-proxying)
2021-06-14 10:28:53.777  INFO 20404 --- [    Test worker] com.zaxxer.hikari.HikariDataSource       : HikariPool-2 - Starting...
2021-06-14 10:28:53.778  INFO 20404 --- [    Test worker] com.zaxxer.hikari.HikariDataSource       : HikariPool-2 - Start completed.
2021-06-14 10:28:53.794  INFO 20404 --- [    Test worker] o.hibernate.jpa.internal.util.LogHelper  : HHH000204: Processing PersistenceUnitInfo [
	name: default
	...]
2021-06-14 10:28:53.800  INFO 20404 --- [    Test worker] org.hibernate.dialect.Dialect            : HHH000400: Using dialect: org.hibernate.dialect.MySQL5InnoDBDialect
Hibernate: drop table if exists posts
Hibernate: drop table if exists user
Hibernate: create table posts (id bigint not null auto_increment, create_date datetime, modified_date datetime, author varchar(255), content TEXT not null, title varchar(500) not null, primary key (id)) engine=InnoDB
Hibernate: create table user (id bigint not null auto_increment, email varchar(255) not null, name varchar(255) not null, picture varchar(255), role varchar(255) not null, primary key (id)) engine=InnoDB
2021-06-14 10:28:53.829  INFO 20404 --- [    Test worker] o.h.t.schema.internal.SchemaCreatorImpl  : HHH000476: Executing import script 'org.hibernate.tool.schema.internal.exec.ScriptSourceInputNonExistentImpl@294e65ac'
2021-06-14 10:28:53.829  INFO 20404 --- [    Test worker] j.LocalContainerEntityManagerFactoryBean : Initialized JPA EntityManagerFactory for persistence unit 'default'
2021-06-14 10:28:53.947  INFO 20404 --- [    Test worker] o.h.h.i.QueryTranslatorFactoryInitiator  : HHH000397: Using ASTQueryTranslatorFactory
2021-06-14 10:28:54.046  INFO 20404 --- [    Test worker] o.s.s.web.DefaultSecurityFilterChain     : Creating filter chain: any request, [org.springframework.security.web.context.request.async.WebAsyncManagerIntegrationFilter@1e8537f6, org.springframework.security.web.context.SecurityContextPersistenceFilter@e778251, org.springframework.security.web.header.HeaderWriterFilter@656aa654, org.springframework.security.web.authentication.logout.LogoutFilter@37546836, org.springframework.security.oauth2.client.web.OAuth2AuthorizationRequestRedirectFilter@45d23b62, org.springframework.security.oauth2.client.web.OAuth2LoginAuthenticationFilter@3063d717, org.springframework.security.web.authentication.ui.DefaultLoginPageGeneratingFilter@58317dd, org.springframework.security.web.authentication.ui.DefaultLogoutPageGeneratingFilter@8bbfcc1, org.springframework.security.web.savedrequest.RequestCacheAwareFilter@208c85e, org.springframework.security.web.servletapi.SecurityContextHolderAwareRequestFilter@3260864d, org.springframework.security.web.authentication.AnonymousAuthenticationFilter@5c66cf9f, org.springframework.security.web.session.SessionManagementFilter@76882b8f, org.springframework.security.web.access.ExceptionTranslationFilter@f707079, org.springframework.security.web.access.intercept.FilterSecurityInterceptor@746c5887]
2021-06-14 10:28:54.237  INFO 20404 --- [    Test worker] o.s.s.concurrent.ThreadPoolTaskExecutor  : Initializing ExecutorService 'applicationTaskExecutor'
2021-06-14 10:28:54.247  WARN 20404 --- [    Test worker] aWebConfiguration$JpaWebMvcConfiguration : spring.jpa.open-in-view is enabled by default. Therefore, database queries may be performed during view rendering. Explicitly configure spring.jpa.open-in-view to disable this warning
2021-06-14 10:28:54.264  INFO 20404 --- [    Test worker] o.s.b.a.w.s.WelcomePageHandlerMapping    : Adding welcome page template: index
2021-06-14 10:28:54.490  INFO 20404 --- [    Test worker] s.a.ScheduledAnnotationBeanPostProcessor : No TaskScheduler/ScheduledExecutorService bean found for scheduled processing
2021-06-14 10:28:54.500  INFO 20404 --- [    Test worker] c.s.a.w.d.posts.PostsRepositoryTest      : Started PostsRepositoryTest in 0.992 seconds (JVM running for 6.661)
Hibernate: insert into posts (create_date, modified_date, author, content, title) values (?, ?, ?, ?, ?)
Hibernate: select posts0_.id as id1_0_, posts0_.create_date as create_d2_0_, posts0_.modified_date as modified3_0_, posts0_.author as author4_0_, posts0_.content as content5_0_, posts0_.title as title6_0_ from posts posts0_
Hibernate: select posts0_.id as id1_0_, posts0_.create_date as create_d2_0_, posts0_.modified_date as modified3_0_, posts0_.author as author4_0_, posts0_.content as content5_0_, posts0_.title as title6_0_ from posts posts0_
Hibernate: delete from posts where id=?
Hibernate: insert into posts (create_date, modified_date, author, content, title) values (?, ?, ?, ?, ?)
Hibernate: select posts0_.id as id1_0_, posts0_.create_date as create_d2_0_, posts0_.modified_date as modified3_0_, posts0_.author as author4_0_, posts0_.content as content5_0_, posts0_.title as title6_0_ from posts posts0_
>>>>>>>> createDate=2021-06-14T10:28:54.519
Hibernate: select posts0_.id as id1_0_, posts0_.create_date as create_d2_0_, posts0_.modified_date as modified3_0_, posts0_.author as author4_0_, posts0_.content as content5_0_, posts0_.title as title6_0_ from posts posts0_
Hibernate: delete from posts where id=?
]]></system-out>
  <system-err><![CDATA[]]></system-err>
</testsuite>
